[06-08-2019 10:57:15] ERROR(1008): Các thông tin client là không đúng.
[06-08-2019 11:07:11] ERROR(1014): BrandName không tồn tại.
[06-08-2019 11:07:25] ERROR(1014): Giá trị của "BrandName" là bắt buộc.
[06-08-2019 11:07:36] ERROR(1014): BrandName không tồn tại.
[06-08-2019 11:07:38] ERROR(1014): BrandName không tồn tại.
[06-08-2019 11:10:04] ERROR(1011): Access token không đúng.
[06-08-2019 11:10:07] ERROR(1014): BrandName không tồn tại.
[06-08-2019 11:10:08] ERROR(1014): BrandName không tồn tại.
[06-08-2019 11:10:09] ERROR(1014): BrandName không tồn tại.
[06-08-2019 11:15:56] ERROR(1014): BrandName không tồn tại.
[06-08-2019 11:15:57] ERROR(1014): Giá trị của "BrandName" là bắt buộc.
[06-08-2019 11:15:58] ERROR(1014): Giá trị của "BrandName" là bắt buộc.
[06-08-2019 11:16:00] ERROR(1014): BrandName không tồn tại.
[06-08-2019 11:18:02] ERROR(1014): BrandName không tồn tại.
[06-08-2019 11:18:03] ERROR(1014): BrandName không tồn tại.
[06-08-2019 11:19:32] ERROR(1014): BrandName không tồn tại.
[06-08-2019 11:56:45] ERROR(1014): Phone-0
[06-08-2019 11:58:23] ERROR(1014): Giá trị của "BrandName" là bắt buộc.
[06-08-2019 11:59:05] ERROR(1014): BrandName không tồn tại.
[06-08-2019 12:13:49] ERROR(1014): BrandName không tồn tại.
